<?xml version="1.0" encoding="UTF-8"?>
<testsuite xmlns:xsi="http://www.w3.org/2001/XMLSchema-instance" xsi:noNamespaceSchemaLocation="https://maven.apache.org/surefire/maven-surefire-plugin/xsd/surefire-test-report.xsd" version="3.0.2" name="com.example.bordados.BordadosApplicationTests" time="13.914" tests="1" errors="0" skipped="0" failures="0">
  <properties>
[...]
</properties>
  <testcase name="contextLoads" classname="com.example.bordados.BordadosApplicationTests" time="0.715">
    <system-out><![CDATA[18:47:54.870 [main] INFO org.springframework.test.context.support.AnnotationConfigContextLoaderUtils -- Could not detect default configuration classes for test class [com.example.bordados.BordadosApplicationTests]: BordadosApplicationTests does not declare any static, non-private, non-final, nested classes annotated with @Configuration.
18:47:55.055 [main] INFO org.springframework.boot.test.context.SpringBootTestContextBootstrapper -- Found @SpringBootConfiguration com.example.bordados.BordadosApplication for test class com.example.bordados.BordadosApplicationTests
18:47:55.417 [main] INFO org.springframework.boot.devtools.restart.RestartApplicationListener -- Restart disabled due to context in which it is running

  .   ____          _            __ _ _
 /\\ / ___'_ __ _ _(_)_ __  __ _ \ \ \ \
( ( )\___ | '_ | '_| | '_ \/ _` | \ \ \ \
 \\/  ___)| |_)| | | | | || (_| |  ) ) ) )
  '  |____| .__|_| |_|_| |_\__, | / / / /
 =========|_|==============|___/=/_/_/_/

 :: Spring Boot ::                (v3.4.2)

2025-03-24T18:47:55.966+01:00  INFO 22604 --- [gast] [           main] c.e.bordados.BordadosApplicationTests    : Starting BordadosApplicationTests using Java 17.0.7 with PID 22604 (started by jordy in D:\programacion\proyectosSubidos\GastShop-dev\bordados)
2025-03-24T18:47:55.968+01:00  INFO 22604 --- [gast] [           main] c.e.bordados.BordadosApplicationTests    : No active profile set, falling back to 1 default profile: "default"
2025-03-24T18:47:57.832+01:00  INFO 22604 --- [gast] [           main] .s.d.r.c.RepositoryConfigurationDelegate : Bootstrapping Spring Data JPA repositories in DEFAULT mode.
2025-03-24T18:47:58.088+01:00  INFO 22604 --- [gast] [           main] .s.d.r.c.RepositoryConfigurationDelegate : Finished Spring Data repository scanning in 242 ms. Found 15 JPA repository interfaces.
2025-03-24T18:47:59.135+01:00  INFO 22604 --- [gast] [           main] o.hibernate.jpa.internal.util.LogHelper  : HHH000204: Processing PersistenceUnitInfo [name: default]
2025-03-24T18:47:59.268+01:00  INFO 22604 --- [gast] [           main] org.hibernate.Version                    : HHH000412: Hibernate ORM core version 6.6.5.Final
2025-03-24T18:47:59.324+01:00  INFO 22604 --- [gast] [           main] o.h.c.internal.RegionFactoryInitiator    : HHH000026: Second-level cache disabled
2025-03-24T18:47:59.869+01:00  INFO 22604 --- [gast] [           main] o.s.o.j.p.SpringPersistenceUnitInfo      : No LoadTimeWeaver setup: ignoring JPA class transformer
2025-03-24T18:47:59.941+01:00  INFO 22604 --- [gast] [           main] com.zaxxer.hikari.HikariDataSource       : HikariPool-1 - Starting...
2025-03-24T18:48:00.474+01:00  INFO 22604 --- [gast] [           main] com.zaxxer.hikari.pool.HikariPool        : HikariPool-1 - Added connection com.mysql.cj.jdbc.ConnectionImpl@53918b5e
2025-03-24T18:48:00.477+01:00  INFO 22604 --- [gast] [           main] com.zaxxer.hikari.HikariDataSource       : HikariPool-1 - Start completed.
2025-03-24T18:48:00.651+01:00  INFO 22604 --- [gast] [           main] org.hibernate.orm.connections.pooling    : HHH10001005: Database info:
	Database JDBC URL [Connecting through datasource 'HikariDataSource (HikariPool-1)']
	Database driver: undefined/unknown
	Database version: 8.0.33
	Autocommit mode: undefined/unknown
	Isolation level: undefined/unknown
	Minimum pool size: undefined/unknown
	Maximum pool size: undefined/unknown
2025-03-24T18:48:02.873+01:00  INFO 22604 --- [gast] [           main] o.h.e.t.j.p.i.JtaPlatformInitiator       : HHH000489: No JTA platform available (set 'hibernate.transaction.jta.platform' to enable JTA platform integration)
2025-03-24T18:48:03.146+01:00  INFO 22604 --- [gast] [           main] j.LocalContainerEntityManagerFactoryBean : Initialized JPA EntityManagerFactory for persistence unit 'default'
2025-03-24T18:48:03.739+01:00  INFO 22604 --- [gast] [           main] o.s.d.j.r.query.QueryEnhancerFactory     : Hibernate is in classpath; If applicable, HQL parser will be used.
2025-03-24T18:48:04.953+01:00  INFO 22604 --- [gast] [           main] c.e.b.s.ServiceImpl.ImageServiceImpl     : Directorio de imágenes creado en: D:\programacion\proyectosSubidos\GastShop-dev\bordados/images/
2025-03-24T18:48:05.465+01:00 DEBUG 22604 --- [gast] [           main] org.hibernate.SQL                        : select count(*) from pricing_configuration pc1_0
Hibernate: select count(*) from pricing_configuration pc1_0
2025-03-24T18:48:05.705+01:00  WARN 22604 --- [gast] [           main] JpaBaseConfiguration$JpaWebConfiguration : spring.jpa.open-in-view is enabled by default. Therefore, database queries may be performed during view rendering. Explicitly configure spring.jpa.open-in-view to disable this warning
2025-03-24T18:48:05.770+01:00  INFO 22604 --- [gast] [           main] eAuthenticationProviderManagerConfigurer : Global AuthenticationManager configured with AuthenticationProvider bean with name authenticationProvider
2025-03-24T18:48:05.772+01:00  WARN 22604 --- [gast] [           main] r$InitializeUserDetailsManagerConfigurer : Global AuthenticationManager configured with an AuthenticationProvider bean. UserDetailsService beans will not be used by Spring Security for automatically configuring username/password login. Consider removing the AuthenticationProvider bean. Alternatively, consider using the UserDetailsService in a manually instantiated DaoAuthenticationProvider. If the current configuration is intentional, to turn off this warning, increase the logging level of 'org.springframework.security.config.annotation.authentication.configuration.InitializeUserDetailsBeanManagerConfigurer' to ERROR
2025-03-24T18:48:07.475+01:00  INFO 22604 --- [gast] [           main] c.e.bordados.BordadosApplicationTests    : Started BordadosApplicationTests in 12.079 seconds (process running for 14.018)
2025-03-24T18:48:07.532+01:00 DEBUG 22604 --- [gast] [           main] org.hibernate.SQL                        : select p1_0.id_permission,p1_0.name from permissions p1_0 where p1_0.name=?
Hibernate: select p1_0.id_permission,p1_0.name from permissions p1_0 where p1_0.name=?
2025-03-24T18:48:07.578+01:00 DEBUG 22604 --- [gast] [           main] org.hibernate.SQL                        : select p1_0.id_permission,p1_0.name from permissions p1_0 where p1_0.name=?
Hibernate: select p1_0.id_permission,p1_0.name from permissions p1_0 where p1_0.name=?
2025-03-24T18:48:07.582+01:00 DEBUG 22604 --- [gast] [           main] org.hibernate.SQL                        : select p1_0.id_permission,p1_0.name from permissions p1_0 where p1_0.name=?
Hibernate: select p1_0.id_permission,p1_0.name from permissions p1_0 where p1_0.name=?
2025-03-24T18:48:07.588+01:00 DEBUG 22604 --- [gast] [           main] org.hibernate.SQL                        : select r1_0.id_rol,r1_0.role_name from roles r1_0 where r1_0.role_name=?
Hibernate: select r1_0.id_rol,r1_0.role_name from roles r1_0 where r1_0.role_name=?
2025-03-24T18:48:07.607+01:00 DEBUG 22604 --- [gast] [           main] org.hibernate.SQL                        : select p1_0.role_id,p1_1.id_permission,p1_1.name from role_permissions p1_0 join permissions p1_1 on p1_1.id_permission=p1_0.permission_id where p1_0.role_id=?
Hibernate: select p1_0.role_id,p1_1.id_permission,p1_1.name from role_permissions p1_0 join permissions p1_1 on p1_1.id_permission=p1_0.permission_id where p1_0.role_id=?
2025-03-24T18:48:07.633+01:00 DEBUG 22604 --- [gast] [           main] org.hibernate.SQL                        : select r1_0.id_rol,r1_0.role_name from roles r1_0 where r1_0.role_name=?
Hibernate: select r1_0.id_rol,r1_0.role_name from roles r1_0 where r1_0.role_name=?
2025-03-24T18:48:07.635+01:00 DEBUG 22604 --- [gast] [           main] org.hibernate.SQL                        : select p1_0.role_id,p1_1.id_permission,p1_1.name from role_permissions p1_0 join permissions p1_1 on p1_1.id_permission=p1_0.permission_id where p1_0.role_id=?
Hibernate: select p1_0.role_id,p1_1.id_permission,p1_1.name from role_permissions p1_0 join permissions p1_1 on p1_1.id_permission=p1_0.permission_id where p1_0.role_id=?
2025-03-24T18:48:07.639+01:00 DEBUG 22604 --- [gast] [           main] org.hibernate.SQL                        : select r1_0.id_rol,r1_0.role_name from roles r1_0 where r1_0.role_name=?
Hibernate: select r1_0.id_rol,r1_0.role_name from roles r1_0 where r1_0.role_name=?
2025-03-24T18:48:07.642+01:00 DEBUG 22604 --- [gast] [           main] org.hibernate.SQL                        : select p1_0.role_id,p1_1.id_permission,p1_1.name from role_permissions p1_0 join permissions p1_1 on p1_1.id_permission=p1_0.permission_id where p1_0.role_id=?
Hibernate: select p1_0.role_id,p1_1.id_permission,p1_1.name from role_permissions p1_0 join permissions p1_1 on p1_1.id_permission=p1_0.permission_id where p1_0.role_id=?
2025-03-24T18:48:07.649+01:00 DEBUG 22604 --- [gast] [           main] org.hibernate.SQL                        : select u1_0.id,u1_0.account_no_expired,u1_0.account_no_locked,u1_0.address,u1_0.affiliate_code,u1_0.credential_no_expired,u1_0.email,u1_0.is_enabled,u1_0.name,u1_0.password,u1_0.referrer_id,u1_0.registration_date,u1_0.type from user u1_0 where u1_0.email=?
Hibernate: select u1_0.id,u1_0.account_no_expired,u1_0.account_no_locked,u1_0.address,u1_0.affiliate_code,u1_0.credential_no_expired,u1_0.email,u1_0.is_enabled,u1_0.name,u1_0.password,u1_0.referrer_id,u1_0.registration_date,u1_0.type from user u1_0 where u1_0.email=?
2025-03-24T18:48:07.658+01:00 DEBUG 22604 --- [gast] [           main] org.hibernate.SQL                        : select r1_0.user_id,r1_1.id_rol,p1_0.role_id,p1_1.id_permission,p1_1.name,r1_1.role_name from user_roles r1_0 join roles r1_1 on r1_1.id_rol=r1_0.role_id left join role_permissions p1_0 on r1_1.id_rol=p1_0.role_id left join permissions p1_1 on p1_1.id_permission=p1_0.permission_id where r1_0.user_id=?
Hibernate: select r1_0.user_id,r1_1.id_rol,p1_0.role_id,p1_1.id_permission,p1_1.name,r1_1.role_name from user_roles r1_0 join roles r1_1 on r1_1.id_rol=r1_0.role_id left join role_permissions p1_0 on r1_1.id_rol=p1_0.role_id left join permissions p1_1 on p1_1.id_permission=p1_0.permission_id where r1_0.user_id=?
]]></system-out>
  </testcase>
</testsuite>